#-----------------------------------------------------------
# Webtalk v2015.2 (64-bit)
# SW Build 1266856 on Fri Jun 26 16:35:25 MDT 2015
# 
# Start of session at: Thu Sep 17 15:42:11 2015
# Process ID: 11672
# Log file: C:/Users/Alexander/Documents/GitHub/Thesis/Vivado/TrapezSW/TrapezSW.sdk/webtalk/webtalk.log
# Journal file: C:/Users/Alexander/Documents/GitHub/Thesis/Vivado/TrapezSW/TrapezSW.sdk/webtalk\webtalk.jou
#-----------------------------------------------------------
source sdk_webtalk.tcl
# webtalk_init -webtalk_dir C:\\Users\\Alexander\\Documents\\GitHub\\Thesis\\Vivado\\TrapezSW\\TrapezSW.sdk\\webtalk
# webtalk_register_client -client project
# webtalk_add_data -client project -key date_generated -value "to sep. 17 15:42:10 2015" -context "software_version_and_target_device"
# webtalk_add_data -client project -key product_version -value "SDK v2015.2" -context "software_version_and_target_device"
# webtalk_add_data -client project -key build_version -value "2015.2" -context "software_version_and_target_device"
# webtalk_add_data -client project -key os_platform -value "amd64" -context "software_version_and_target_device"
# webtalk_add_data -client project -key registration_id -value "" -context "software_version_and_target_device"
# webtalk_add_data -client project -key tool_flow -value "SDK" -context "software_version_and_target_device"
# webtalk_add_data -client project -key beta -value "false" -context "software_version_and_target_device"
# webtalk_add_data -client project -key route_design -value "NA" -context "software_version_and_target_device"
# webtalk_add_data -client project -key target_family -value "NA" -context "software_version_and_target_device"
# webtalk_add_data -client project -key target_device -value "NA" -context "software_version_and_target_device"
# webtalk_add_data -client project -key target_package -value "NA" -context "software_version_and_target_device"
# webtalk_add_data -client project -key target_speed -value "NA" -context "software_version_and_target_device"
# webtalk_add_data -client project -key random_id -value "c9h9bqqtq8lrsuf1467gmemblf" -context "software_version_and_target_device"
# webtalk_add_data -client project -key project_id -value "2015.2_3" -context "software_version_and_target_device"
# webtalk_add_data -client project -key project_iteration -value "3" -context "software_version_and_target_device"
# webtalk_add_data -client project -key os_name -value "" -context "user_environment"
# webtalk_add_data -client project -key os_release -value "" -context "user_environment"
# webtalk_add_data -client project -key cpu_name -value "" -context "user_environment"
# webtalk_add_data -client project -key cpu_speed -value "" -context "user_environment"
# webtalk_add_data -client project -key total_processors -value "" -context "user_environment"
# webtalk_add_data -client project -key system_ram -value "" -context "user_environment"
# webtalk_register_client -client sdk
# webtalk_add_data -client sdk -key uid -value "1442472044798" -context "sdk\\\\bsp/1442472044798"
# webtalk_add_data -client sdk -key hwid -value "1442409514270" -context "sdk\\\\bsp/1442472044798"
# webtalk_add_data -client sdk -key os -value "standalone" -context "sdk\\\\bsp/1442472044798"
# webtalk_add_data -client sdk -key apptemplate -value "empty_application" -context "sdk\\\\bsp/1442472044798"
# webtalk_add_data -client sdk -key uid -value "1442472047764" -context "sdk\\\\application/1442472047764"
# webtalk_add_data -client sdk -key hwid -value "1442409514270" -context "sdk\\\\application/1442472047764"
# webtalk_add_data -client sdk -key bspid -value "1442472044798" -context "sdk\\\\application/1442472047764"
# webtalk_add_data -client sdk -key newbsp -value "true" -context "sdk\\\\application/1442472047764"
# webtalk_add_data -client sdk -key os -value "standalone" -context "sdk\\\\application/1442472047764"
# webtalk_add_data -client sdk -key apptemplate -value "empty_application" -context "sdk\\\\application/1442472047764"
# webtalk_transmit -clientid 1262747842 -regid "" -xml C:\\Users\\Alexander\\Documents\\GitHub\\Thesis\\Vivado\\TrapezSW\\TrapezSW.sdk\\webtalk\\usage_statistics_ext_sdk.xml -html C:\\Users\\Alexander\\Documents\\GitHub\\Thesis\\Vivado\\TrapezSW\\TrapezSW.sdk\\webtalk\\usage_statistics_ext_sdk.html -wdm C:\\Users\\Alexander\\Documents\\GitHub\\Thesis\\Vivado\\TrapezSW\\TrapezSW.sdk\\webtalk\\sdk_webtalk.wdm -intro "<H3>SDK Usage Report</H3><BR>"
webtalk_transmit: Time (s): cpu = 00:00:00 ; elapsed = 00:00:06 . Memory (MB): peak = 55.348 ; gain = 0.016

    while executing
"webtalk_transmit -clientid 1262747842 -regid "" -xml C:\\Users\\Alexander\\Documents\\GitHub\\Thesis\\Vivado\\TrapezSW\\TrapezSW.sdk\\webtalk\\usage_s..."
    (file "sdk_webtalk.tcl" line 35)
INFO: [Common 17-206] Exiting Webtalk at Thu Sep 17 15:42:19 2015...
