15:18:29 INFO  : Launching XSDB server: xsdb.bat -s C:/Xilinx/SDK/2015.2/scripts/xsdb/xsdb/xsdb-server.tcl
15:18:31 INFO  : Processing command line option -hwspec C:/Users/Alexander/Documents/GitHub/Thesis/Vivado/TrapezSW/TrapezSW.sdk/system_wrapper.hdf.
15:18:31 INFO  : XSDB server has started successfully.
15:33:55 INFO  : Connected to target on host '127.0.0.1' and port '3121'.
15:33:55 INFO  : 'targets -set -filter {jtag_cable_name =~ "Digilent Zed 210248570610" && level==0} -index 1' command is executed.
15:33:57 INFO  : FPGA configured successfully with bitstream "C:/Users/Alexander/Documents/GitHub/Thesis/Vivado/TrapezSW/TrapezSW.sdk/system_wrapper_hw_platform_0/system_wrapper.bit"
08:30:40 INFO  : Launching XSDB server: xsdb.bat -s C:/Xilinx/SDK/2015.2/scripts/xsdb/xsdb/xsdb-server.tcl
08:30:42 INFO  : XSDB server has started successfully.
08:30:43 INFO  : Processing command line option -hwspec C:/Users/Alexander/Documents/GitHub/Thesis/Vivado/TrapezSW/TrapezSW.sdk/system_wrapper.hdf.
08:30:45 INFO  : Checking for hwspec changes in the project system_wrapper_hw_platform_0.
11:42:33 INFO  : Connected to target on host '127.0.0.1' and port '3121'.
11:42:34 INFO  : 'targets -set -filter {jtag_cable_name =~ "Digilent Zed 210248570610" && level==0} -index 1' command is executed.
11:42:34 INFO  : 'fpga -state' command is executed.
11:42:54 INFO  : Connected to target on host '127.0.0.1' and port '3121'.
11:42:54 INFO  : 'targets -set -filter {jtag_cable_name =~ "Digilent Zed 210248570610" && level==0} -index 1' command is executed.
11:42:57 INFO  : FPGA configured successfully with bitstream "C:/Users/Alexander/Documents/GitHub/Thesis/Vivado/TrapezSW/TrapezSW.sdk/system_wrapper_hw_platform_0/system_wrapper.bit"
11:51:46 INFO  : Connected to target on host '127.0.0.1' and port '3121'.
11:51:46 INFO  : 'targets -set -filter {jtag_cable_name =~ "Digilent Zed 210248570610" && level==0} -index 1' command is executed.
11:51:46 INFO  : 'fpga -state' command is executed.
11:51:46 INFO  : Connected to target on host '127.0.0.1' and port '3121'.
11:51:46 INFO  : 'targets -set -filter {name =~"APU" && jtag_cable_name =~ "Digilent Zed 210248570610"} -index 0' command is executed.
11:51:50 INFO  : Mermory regions for PS have been updated.
11:51:50 INFO  : Sourcing of 'C:/Users/Alexander/Documents/GitHub/Thesis/Vivado/TrapezSW/TrapezSW.sdk/system_wrapper_hw_platform_0/ps7_init.tcl' is done.
11:51:50 INFO  : 'targets -set -filter {name =~"APU" && jtag_cable_name =~ "Digilent Zed 210248570610"} -index 0' command is executed.
11:51:52 INFO  : 'ps7_init' command is executed.
11:51:52 INFO  : 'ps7_post_config' command is executed.
11:51:52 INFO  : Context for processor 'ps7_cortexa9_0' is selected.
11:51:52 INFO  : Processor reset is completed for 'ps7_cortexa9_0'.
11:51:53 INFO  : Context for processor 'ps7_cortexa9_0' is selected.
11:51:53 INFO  : The application 'C:/Users/Alexander/Documents/GitHub/Thesis/Vivado/TrapezSW/TrapezSW.sdk/Trapez_SW/Debug/Trapez_SW.elf' is downloaded to processor 'ps7_cortexa9_0'.
11:51:53 INFO  : ----------------XSDB Script----------------
connect -url tcp:127.0.0.1:3121
targets -set -filter {name =~"APU" && jtag_cable_name =~ "Digilent Zed 210248570610"} -index 0
memmap -addr 1092681728 -size 65536 -flags 3
memmap -addr 4160782336 -size 4096 -flags 3
memmap -addr 4160786432 -size 4096 -flags 3
memmap -addr 4160790528 -size 4096 -flags 3
memmap -addr 4160794624 -size 4096 -flags 3
memmap -addr 4169138176 -size 1048576 -flags 3
memmap -addr 1048576 -size 535822336 -flags 3
memmap -addr 4160774144 -size 4096 -flags 3
memmap -addr 4160778240 -size 256 -flags 3
memmap -addr 4160765952 -size 4096 -flags 3
memmap -addr 4160761856 -size 4096 -flags 3
memmap -addr 4176478720 -size 256 -flags 3
memmap -addr 3758137344 -size 4096 -flags 3
memmap -addr 4170186752 -size 1048576 -flags 3
memmap -addr 4176482304 -size 4096 -flags 3
memmap -addr 3760193536 -size 4096 -flags 3
memmap -addr 4176486400 -size 4096 -flags 3
memmap -addr 4160798720 -size 4096 -flags 3
memmap -addr 4176486400 -size 4096 -flags 3
memmap -addr 4169732096 -size 4096 -flags 3
memmap -addr 0 -size 196608 -flags 3
memmap -addr 4294901760 -size 65024 -flags 3
memmap -addr 4176478208 -size 253 -flags 3
memmap -addr 4176482304 -size 4096 -flags 3
memmap -addr 4176479744 -size 32 -flags 3
memmap -addr 4176479776 -size 224 -flags 3
memmap -addr 4160749568 -size 4096 -flags 3
memmap -addr 3758100480 -size 4096 -flags 3
memmap -addr 4160778496 -size 33 -flags 3
memmap -addr 1092616192 -size 65536 -flags 3
source C:/Users/Alexander/Documents/GitHub/Thesis/Vivado/TrapezSW/TrapezSW.sdk/system_wrapper_hw_platform_0/ps7_init.tcl
targets -set -filter {name =~"APU" && jtag_cable_name =~ "Digilent Zed 210248570610"} -index 0
ps7_init
ps7_post_config
targets -set -nocase -filter {name =~ "ARM*#0" && jtag_cable_name =~ "Digilent Zed 210248570610"} -index 0
rst -processor
targets -set -nocase -filter {name =~ "ARM*#0" && jtag_cable_name =~ "Digilent Zed 210248570610"} -index 0
dow C:/Users/Alexander/Documents/GitHub/Thesis/Vivado/TrapezSW/TrapezSW.sdk/Trapez_SW/Debug/Trapez_SW.elf
----------------End of Script----------------

11:51:53 INFO  : Memory regions updated for context APU
11:51:53 INFO  : Context for processor 'ps7_cortexa9_0' is selected.
11:51:53 INFO  : 'con' command is executed.
11:51:53 INFO  : ----------------XSDB Script (After Launch)----------------
targets -set -nocase -filter {name =~ "ARM*#0" && jtag_cable_name =~ "Digilent Zed 210248570610"} -index 0
con
----------------End of Script----------------

11:52:40 INFO  : Disconnected from the channel tcfchan#1.
11:52:41 INFO  : ps7_init is completed.
11:52:41 INFO  : ps7_post_config is completed.
11:52:41 INFO  : Processor reset is completed for ps7_cortexa9_0
11:53:14 INFO  : ps7_cortexa9_0 Processor is in use. Please stop existing Run or Debug sessions before launching.
11:53:17 INFO  : Processor reset is completed for ps7_cortexa9_0
11:54:38 INFO  : Processor reset is completed for ps7_cortexa9_0
12:51:25 INFO  : Processor reset is completed for ps7_cortexa9_0
12:53:15 INFO  : ps7_cortexa9_0 Processor is in use. Please stop existing Run or Debug sessions before launching.
12:53:21 INFO  : Processor reset is completed for ps7_cortexa9_0
12:55:40 INFO  : ps7_cortexa9_0 Processor is in use. Please stop existing Run or Debug sessions before launching.
12:55:42 INFO  : Processor reset is completed for ps7_cortexa9_0
15:42:11 ERROR : Unexpected error while parsing XMD response ?: com.google.gson.JsonSyntaxException: com.google.gson.stream.MalformedJsonException: invalid number or unquoted string near 
12:01:23 INFO  : Launching XSDB server: xsdb.bat -s C:/Xilinx/SDK/2015.2/scripts/xsdb/xsdb/xsdb-server.tcl
12:01:26 INFO  : Processing command line option -hwspec C:/Users/Alexander/Documents/GitHub/Thesis/Vivado/TrapezSW/TrapezSW.sdk/system_wrapper.hdf.
12:01:26 INFO  : XSDB server has started successfully.
12:01:26 INFO  : Checking for hwspec changes in the project system_wrapper_hw_platform_0.
12:03:26 INFO  : Connected to target on host '127.0.0.1' and port '3121'.
12:03:26 INFO  : 'targets -set -filter {jtag_cable_name =~ "Digilent Zed 210248570610" && level==0} -index 1' command is executed.
12:03:28 INFO  : FPGA configured successfully with bitstream "C:/Users/Alexander/Documents/GitHub/Thesis/Vivado/TrapezSW/TrapezSW.sdk/system_wrapper_hw_platform_0/system_wrapper.bit"
12:46:06 INFO  : System reset is completed.
12:46:09 INFO  : FPGA configured successfully with bitstream "C:/Users/Alexander/Documents/GitHub/Thesis/Vivado/TrapezSW/TrapezSW.sdk/system_wrapper_hw_platform_0/system_wrapper.bit"
12:46:10 INFO  : ps7_init is completed.
12:46:10 INFO  : ps7_post_config is completed.
12:46:50 INFO  : ps7_cortexa9_0 Processor is in use. Please stop existing Run or Debug sessions before launching.
12:46:52 INFO  : System reset is completed.
12:46:55 INFO  : FPGA configured successfully with bitstream "C:/Users/Alexander/Documents/GitHub/Thesis/Vivado/TrapezSW/TrapezSW.sdk/system_wrapper_hw_platform_0/system_wrapper.bit"
12:46:56 INFO  : ps7_init is completed.
12:46:56 INFO  : ps7_post_config is completed.
12:49:23 INFO  : System reset is completed.
12:49:26 INFO  : FPGA configured successfully with bitstream "C:/Users/Alexander/Documents/GitHub/Thesis/Vivado/TrapezSW/TrapezSW.sdk/system_wrapper_hw_platform_0/system_wrapper.bit"
12:49:26 INFO  : ps7_init is completed.
12:49:26 INFO  : ps7_post_config is completed.
12:50:46 INFO  : Connected to target on host '127.0.0.1' and port '3121'.
12:50:46 INFO  : 'targets -set -filter {jtag_cable_name =~ "Digilent Zed 210248570610" && level==0} -index 1' command is executed.
12:50:46 INFO  : 'fpga -state' command is executed.
12:50:46 INFO  : Connected to target on host '127.0.0.1' and port '3121'.
12:50:46 INFO  : 'targets -set -filter {name =~"APU" && jtag_cable_name =~ "Digilent Zed 210248570610"} -index 0' command is executed.
12:50:50 INFO  : Mermory regions for PS have been updated.
12:50:50 INFO  : Sourcing of 'C:/Users/Alexander/Documents/GitHub/Thesis/Vivado/TrapezSW/TrapezSW.sdk/system_wrapper_hw_platform_0/ps7_init.tcl' is done.
12:50:50 INFO  : 'targets -set -filter {name =~"APU" && jtag_cable_name =~ "Digilent Zed 210248570610"} -index 0' command is executed.
12:50:50 INFO  : 'ps7_init' command is executed.
12:50:51 INFO  : 'ps7_post_config' command is executed.
12:50:51 INFO  : Context for processor 'ps7_cortexa9_0' is selected.
12:50:51 INFO  : Processor reset is completed for 'ps7_cortexa9_0'.
12:50:51 INFO  : Context for processor 'ps7_cortexa9_0' is selected.
12:50:52 INFO  : The application 'C:/Users/Alexander/Documents/GitHub/Thesis/Vivado/TrapezSW/TrapezSW.sdk/Helloworld/Debug/Helloworld.elf' is downloaded to processor 'ps7_cortexa9_0'.
12:50:52 INFO  : ----------------XSDB Script----------------
connect -url tcp:127.0.0.1:3121
targets -set -filter {name =~"APU" && jtag_cable_name =~ "Digilent Zed 210248570610"} -index 0
memmap -addr 1092681728 -size 65536 -flags 3
memmap -addr 4160782336 -size 4096 -flags 3
memmap -addr 4160786432 -size 4096 -flags 3
memmap -addr 4160790528 -size 4096 -flags 3
memmap -addr 4160794624 -size 4096 -flags 3
memmap -addr 4169138176 -size 1048576 -flags 3
memmap -addr 1048576 -size 535822336 -flags 3
memmap -addr 4160774144 -size 4096 -flags 3
memmap -addr 4160778240 -size 256 -flags 3
memmap -addr 4160765952 -size 4096 -flags 3
memmap -addr 4160761856 -size 4096 -flags 3
memmap -addr 4176478720 -size 256 -flags 3
memmap -addr 3758137344 -size 4096 -flags 3
memmap -addr 4170186752 -size 1048576 -flags 3
memmap -addr 4176482304 -size 4096 -flags 3
memmap -addr 3760193536 -size 4096 -flags 3
memmap -addr 4176486400 -size 4096 -flags 3
memmap -addr 4160798720 -size 4096 -flags 3
memmap -addr 4176486400 -size 4096 -flags 3
memmap -addr 4169732096 -size 4096 -flags 3
memmap -addr 0 -size 196608 -flags 3
memmap -addr 4294901760 -size 65024 -flags 3
memmap -addr 4176478208 -size 253 -flags 3
memmap -addr 4176482304 -size 4096 -flags 3
memmap -addr 4176479744 -size 32 -flags 3
memmap -addr 4176479776 -size 224 -flags 3
memmap -addr 4160749568 -size 4096 -flags 3
memmap -addr 3758100480 -size 4096 -flags 3
memmap -addr 4160778496 -size 33 -flags 3
memmap -addr 1092616192 -size 65536 -flags 3
source C:/Users/Alexander/Documents/GitHub/Thesis/Vivado/TrapezSW/TrapezSW.sdk/system_wrapper_hw_platform_0/ps7_init.tcl
targets -set -filter {name =~"APU" && jtag_cable_name =~ "Digilent Zed 210248570610"} -index 0
ps7_init
ps7_post_config
targets -set -nocase -filter {name =~ "ARM*#0" && jtag_cable_name =~ "Digilent Zed 210248570610"} -index 0
rst -processor
targets -set -nocase -filter {name =~ "ARM*#0" && jtag_cable_name =~ "Digilent Zed 210248570610"} -index 0
dow C:/Users/Alexander/Documents/GitHub/Thesis/Vivado/TrapezSW/TrapezSW.sdk/Helloworld/Debug/Helloworld.elf
----------------End of Script----------------

12:50:52 INFO  : Memory regions updated for context APU
12:50:52 INFO  : Context for processor 'ps7_cortexa9_0' is selected.
12:50:52 INFO  : 'con' command is executed.
12:50:52 INFO  : ----------------XSDB Script (After Launch)----------------
targets -set -nocase -filter {name =~ "ARM*#0" && jtag_cable_name =~ "Digilent Zed 210248570610"} -index 0
con
----------------End of Script----------------

12:52:30 INFO  : System reset is completed.
12:52:33 INFO  : FPGA configured successfully with bitstream "C:/Users/Alexander/Documents/GitHub/Thesis/Vivado/TrapezSW/TrapezSW.sdk/system_wrapper_hw_platform_0/system_wrapper.bit"
12:52:33 INFO  : ps7_init is completed.
12:52:34 INFO  : ps7_post_config is completed.
12:53:47 INFO  : System reset is completed.
12:53:49 INFO  : FPGA configured successfully with bitstream "C:/Users/Alexander/Documents/GitHub/Thesis/Vivado/TrapezSW/TrapezSW.sdk/system_wrapper_hw_platform_0/system_wrapper.bit"
12:53:50 INFO  : ps7_init is completed.
12:53:50 INFO  : ps7_post_config is completed.
12:55:46 INFO  : ps7_cortexa9_0 Processor is in use. Please stop existing Run or Debug sessions before launching.
12:55:48 INFO  : System reset is completed.
12:55:51 INFO  : FPGA configured successfully with bitstream "C:/Users/Alexander/Documents/GitHub/Thesis/Vivado/TrapezSW/TrapezSW.sdk/system_wrapper_hw_platform_0/system_wrapper.bit"
12:55:52 INFO  : ps7_init is completed.
12:55:52 INFO  : ps7_post_config is completed.
12:57:15 INFO  : ps7_cortexa9_0 Processor is in use. Please stop existing Run or Debug sessions before launching.
12:57:17 INFO  : System reset is completed.
12:57:20 INFO  : FPGA configured successfully with bitstream "C:/Users/Alexander/Documents/GitHub/Thesis/Vivado/TrapezSW/TrapezSW.sdk/system_wrapper_hw_platform_0/system_wrapper.bit"
12:57:20 INFO  : ps7_init is completed.
12:57:20 INFO  : ps7_post_config is completed.
12:57:42 INFO  : ps7_cortexa9_0 Processor is in use. Please stop existing Run or Debug sessions before launching.
12:57:44 INFO  : System reset is completed.
12:57:47 INFO  : FPGA configured successfully with bitstream "C:/Users/Alexander/Documents/GitHub/Thesis/Vivado/TrapezSW/TrapezSW.sdk/system_wrapper_hw_platform_0/system_wrapper.bit"
12:57:48 INFO  : ps7_init is completed.
12:57:48 INFO  : ps7_post_config is completed.
12:58:42 INFO  : ps7_cortexa9_0 Processor is in use. Please stop existing Run or Debug sessions before launching.
12:58:43 INFO  : System reset is completed.
12:58:47 INFO  : FPGA configured successfully with bitstream "C:/Users/Alexander/Documents/GitHub/Thesis/Vivado/TrapezSW/TrapezSW.sdk/system_wrapper_hw_platform_0/system_wrapper.bit"
12:58:47 INFO  : ps7_init is completed.
12:58:47 INFO  : ps7_post_config is completed.
13:03:07 INFO  : System reset is completed.
13:03:10 INFO  : FPGA configured successfully with bitstream "C:/Users/Alexander/Documents/GitHub/Thesis/Vivado/TrapezSW/TrapezSW.sdk/system_wrapper_hw_platform_0/system_wrapper.bit"
13:03:10 INFO  : ps7_init is completed.
13:03:10 INFO  : ps7_post_config is completed.
13:10:41 INFO  : System reset is completed.
13:10:44 INFO  : FPGA configured successfully with bitstream "C:/Users/Alexander/Documents/GitHub/Thesis/Vivado/TrapezSW/TrapezSW.sdk/system_wrapper_hw_platform_0/system_wrapper.bit"
13:10:44 INFO  : ps7_init is completed.
13:10:44 INFO  : ps7_post_config is completed.
13:12:50 INFO  : System reset is completed.
13:12:53 INFO  : FPGA configured successfully with bitstream "C:/Users/Alexander/Documents/GitHub/Thesis/Vivado/TrapezSW/TrapezSW.sdk/system_wrapper_hw_platform_0/system_wrapper.bit"
13:12:53 INFO  : ps7_init is completed.
13:12:54 INFO  : ps7_post_config is completed.
13:13:03 INFO  : ps7_cortexa9_0 Processor is in use. Please stop existing Run or Debug sessions before launching.
13:13:05 INFO  : System reset is completed.
13:13:07 INFO  : FPGA configured successfully with bitstream "C:/Users/Alexander/Documents/GitHub/Thesis/Vivado/TrapezSW/TrapezSW.sdk/system_wrapper_hw_platform_0/system_wrapper.bit"
13:13:08 INFO  : ps7_init is completed.
13:13:08 INFO  : ps7_post_config is completed.
13:19:34 INFO  : System reset is completed.
13:19:37 INFO  : FPGA configured successfully with bitstream "C:/Users/Alexander/Documents/GitHub/Thesis/Vivado/TrapezSW/TrapezSW.sdk/system_wrapper_hw_platform_0/system_wrapper.bit"
13:19:38 INFO  : ps7_init is completed.
13:19:38 INFO  : ps7_post_config is completed.
13:27:25 INFO  : ps7_cortexa9_0 Processor is in use. Please stop existing Run or Debug sessions before launching.
13:27:28 INFO  : System reset is completed.
13:27:31 INFO  : FPGA configured successfully with bitstream "C:/Users/Alexander/Documents/GitHub/Thesis/Vivado/TrapezSW/TrapezSW.sdk/system_wrapper_hw_platform_0/system_wrapper.bit"
13:27:32 INFO  : ps7_init is completed.
13:27:32 INFO  : ps7_post_config is completed.
14:07:25 INFO  : System reset is completed.
14:07:28 INFO  : FPGA configured successfully with bitstream "C:/Users/Alexander/Documents/GitHub/Thesis/Vivado/TrapezSW/TrapezSW.sdk/system_wrapper_hw_platform_0/system_wrapper.bit"
14:07:28 INFO  : ps7_init is completed.
14:07:28 INFO  : ps7_post_config is completed.
14:09:31 INFO  : System reset is completed.
14:09:33 INFO  : FPGA configured successfully with bitstream "C:/Users/Alexander/Documents/GitHub/Thesis/Vivado/TrapezSW/TrapezSW.sdk/system_wrapper_hw_platform_0/system_wrapper.bit"
14:09:34 INFO  : ps7_init is completed.
14:09:34 INFO  : ps7_post_config is completed.
14:09:42 INFO  : ps7_cortexa9_0 Processor is in use. Please stop existing Run or Debug sessions before launching.
14:10:56 INFO  : System reset is completed.
14:10:59 INFO  : FPGA configured successfully with bitstream "C:/Users/Alexander/Documents/GitHub/Thesis/Vivado/TrapezSW/TrapezSW.sdk/system_wrapper_hw_platform_0/system_wrapper.bit"
14:11:00 INFO  : ps7_init is completed.
14:11:00 INFO  : ps7_post_config is completed.
14:11:36 INFO  : ps7_cortexa9_0 Processor is in use. Please stop existing Run or Debug sessions before launching.
14:11:38 INFO  : System reset is completed.
14:11:41 INFO  : FPGA configured successfully with bitstream "C:/Users/Alexander/Documents/GitHub/Thesis/Vivado/TrapezSW/TrapezSW.sdk/system_wrapper_hw_platform_0/system_wrapper.bit"
14:11:42 INFO  : ps7_init is completed.
14:11:42 INFO  : ps7_post_config is completed.
14:12:03 INFO  : System reset is completed.
14:12:06 INFO  : FPGA configured successfully with bitstream "C:/Users/Alexander/Documents/GitHub/Thesis/Vivado/TrapezSW/TrapezSW.sdk/system_wrapper_hw_platform_0/system_wrapper.bit"
14:12:06 INFO  : ps7_init is completed.
14:12:06 INFO  : ps7_post_config is completed.
14:50:29 INFO  : Disconnected from the channel tcfchan#1.
14:50:30 ERROR : Unexpected error while parsing XMD response ?: com.google.gson.JsonSyntaxException: com.google.gson.stream.MalformedJsonException: invalid number or unquoted string near 
13:08:45 INFO  : Launching XSDB server: xsdb.bat -s C:/Xilinx/SDK/2015.2/scripts/xsdb/xsdb/xsdb-server.tcl
13:08:48 INFO  : XSDB server has started successfully.
13:08:48 INFO  : Processing command line option -hwspec C:/Users/Alexander/Documents/GitHub/Thesis/Vivado/TrapezSW/TrapezSW.sdk/system_wrapper.hdf.
13:08:49 INFO  : Checking for hwspec changes in the project system_wrapper_hw_platform_0.
10:11:26 INFO  : Launching XSDB server: xsdb.bat -s C:/Xilinx/SDK/2015.2/scripts/xsdb/xsdb/xsdb-server.tcl
10:11:28 INFO  : XSDB server has started successfully.
10:11:28 INFO  : Processing command line option -hwspec C:/Users/Alexander/Documents/GitHub/Thesis/Vivado/TrapezSW/TrapezSW.sdk/system_wrapper.hdf.
10:11:29 INFO  : Checking for hwspec changes in the project system_wrapper_hw_platform_0.
10:40:21 INFO  : System reset is completed.
10:40:24 INFO  : FPGA configured successfully with bitstream "C:/Users/Alexander/Documents/GitHub/Thesis/Vivado/TrapezSW/TrapezSW.sdk/system_wrapper_hw_platform_0/system_wrapper.bit"
10:40:25 INFO  : ps7_init is completed.
10:40:25 INFO  : ps7_post_config is completed.
10:42:07 INFO  : System reset is completed.
10:42:10 INFO  : FPGA configured successfully with bitstream "C:/Users/Alexander/Documents/GitHub/Thesis/Vivado/TrapezSW/TrapezSW.sdk/system_wrapper_hw_platform_0/system_wrapper.bit"
10:42:10 INFO  : ps7_init is completed.
10:42:11 INFO  : ps7_post_config is completed.
10:42:49 INFO  : System reset is completed.
10:42:52 INFO  : FPGA configured successfully with bitstream "C:/Users/Alexander/Documents/GitHub/Thesis/Vivado/TrapezSW/TrapezSW.sdk/system_wrapper_hw_platform_0/system_wrapper.bit"
10:42:53 INFO  : ps7_init is completed.
10:42:53 INFO  : ps7_post_config is completed.
10:44:34 INFO  : System reset is completed.
10:44:37 INFO  : FPGA configured successfully with bitstream "C:/Users/Alexander/Documents/GitHub/Thesis/Vivado/TrapezSW/TrapezSW.sdk/system_wrapper_hw_platform_0/system_wrapper.bit"
10:44:38 INFO  : ps7_init is completed.
10:44:38 INFO  : ps7_post_config is completed.
10:44:59 INFO  : System reset is completed.
10:45:02 INFO  : FPGA configured successfully with bitstream "C:/Users/Alexander/Documents/GitHub/Thesis/Vivado/TrapezSW/TrapezSW.sdk/system_wrapper_hw_platform_0/system_wrapper.bit"
10:45:03 INFO  : ps7_init is completed.
10:45:03 INFO  : ps7_post_config is completed.
11:43:03 INFO  : System reset is completed.
11:43:07 INFO  : FPGA configured successfully with bitstream "C:/Users/Alexander/Documents/GitHub/Thesis/Vivado/TrapezSW/TrapezSW.sdk/system_wrapper_hw_platform_0/system_wrapper.bit"
11:43:07 INFO  : ps7_init is completed.
11:43:07 INFO  : ps7_post_config is completed.
12:02:30 INFO  : ps7_cortexa9_0 Processor is in use. Please stop existing Run or Debug sessions before launching.
12:02:34 INFO  : System reset is completed.
12:02:38 INFO  : FPGA configured successfully with bitstream "C:/Users/Alexander/Documents/GitHub/Thesis/Vivado/TrapezSW/TrapezSW.sdk/system_wrapper_hw_platform_0/system_wrapper.bit"
12:02:38 INFO  : ps7_init is completed.
12:02:38 INFO  : ps7_post_config is completed.
12:07:45 INFO  : System reset is completed.
12:07:48 INFO  : FPGA configured successfully with bitstream "C:/Users/Alexander/Documents/GitHub/Thesis/Vivado/TrapezSW/TrapezSW.sdk/system_wrapper_hw_platform_0/system_wrapper.bit"
12:07:48 INFO  : ps7_init is completed.
12:07:48 INFO  : ps7_post_config is completed.
12:08:11 INFO  : System reset is completed.
12:08:14 INFO  : FPGA configured successfully with bitstream "C:/Users/Alexander/Documents/GitHub/Thesis/Vivado/TrapezSW/TrapezSW.sdk/system_wrapper_hw_platform_0/system_wrapper.bit"
12:08:15 INFO  : ps7_init is completed.
12:08:15 INFO  : ps7_post_config is completed.
12:09:20 INFO  : System reset is completed.
12:09:23 INFO  : FPGA configured successfully with bitstream "C:/Users/Alexander/Documents/GitHub/Thesis/Vivado/TrapezSW/TrapezSW.sdk/system_wrapper_hw_platform_0/system_wrapper.bit"
12:09:23 INFO  : ps7_init is completed.
12:09:23 INFO  : ps7_post_config is completed.
12:09:58 INFO  : System reset is completed.
12:10:01 INFO  : FPGA configured successfully with bitstream "C:/Users/Alexander/Documents/GitHub/Thesis/Vivado/TrapezSW/TrapezSW.sdk/system_wrapper_hw_platform_0/system_wrapper.bit"
12:10:01 INFO  : ps7_init is completed.
12:10:01 INFO  : ps7_post_config is completed.
15:26:52 ERROR : Unexpected error while parsing XMD response ?: com.google.gson.JsonSyntaxException: com.google.gson.stream.MalformedJsonException: invalid number or unquoted string near 
09:36:47 INFO  : Launching XSDB server: xsdb.bat -s C:/Xilinx/SDK/2015.2/scripts/xsdb/xsdb/xsdb-server.tcl
09:36:49 INFO  : XSDB server has started successfully.
09:36:50 INFO  : Processing command line option -hwspec C:/Users/Alexander/Documents/GitHub/Thesis/Vivado/TrapezSW/TrapezSW.sdk/system_wrapper.hdf.
09:36:51 INFO  : Checking for hwspec changes in the project system_wrapper_hw_platform_0.
09:49:52 INFO  : System reset is completed.
09:49:55 INFO  : FPGA configured successfully with bitstream "C:/Users/Alexander/Documents/GitHub/Thesis/Vivado/TrapezSW/TrapezSW.sdk/system_wrapper_hw_platform_0/system_wrapper.bit"
09:49:56 INFO  : ps7_init is completed.
09:49:56 INFO  : ps7_post_config is completed.
09:50:05 INFO  : System reset is completed.
09:50:08 INFO  : FPGA configured successfully with bitstream "C:/Users/Alexander/Documents/GitHub/Thesis/Vivado/TrapezSW/TrapezSW.sdk/system_wrapper_hw_platform_0/system_wrapper.bit"
09:50:09 INFO  : ps7_init is completed.
09:50:09 INFO  : ps7_post_config is completed.
09:50:26 INFO  : System reset is completed.
09:50:30 INFO  : FPGA configured successfully with bitstream "C:/Users/Alexander/Documents/GitHub/Thesis/Vivado/TrapezSW/TrapezSW.sdk/system_wrapper_hw_platform_0/system_wrapper.bit"
09:50:30 INFO  : ps7_init is completed.
09:50:30 INFO  : ps7_post_config is completed.
10:47:00 INFO  : FPGA Cable Disconnected. All active launches will be terminated.
10:47:00 WARN  : Terminating existing sessions on processor ps7_cortexa9_0
16:06:22 ERROR : Unexpected error while parsing XMD response ?: com.google.gson.JsonSyntaxException: com.google.gson.stream.MalformedJsonException: invalid number or unquoted string near 
09:57:17 INFO  : Launching XSDB server: xsdb.bat -s C:/Xilinx/SDK/2015.2/scripts/xsdb/xsdb/xsdb-server.tcl
09:57:18 INFO  : Processing command line option -hwspec C:/Users/Alexander/Documents/GitHub/Thesis/Vivado/TrapezSW/TrapezSW.sdk/system_wrapper.hdf.
09:57:19 INFO  : XSDB server has started successfully.
09:57:19 INFO  : Checking for hwspec changes in the project system_wrapper_hw_platform_0.
10:20:48 ERROR : Unexpected error while launching program.
com.xilinx.sdk.targetmanager.TMException: 
    Unknown Error Occured
    Cable is not connected to the host

	at com.xilinx.sdk.targetmanager.internal.TM.connectToProcessor(TM.java:481)
	at com.xilinx.sdk.debug.core.XilinxAppLaunchConfigurationDelegate.runTargetSetup(XilinxAppLaunchConfigurationDelegate.java:436)
	at com.xilinx.sdk.debug.core.XilinxAppLaunchConfigurationDelegate.debugApplication(XilinxAppLaunchConfigurationDelegate.java:673)
	at com.xilinx.sdk.debug.core.XilinxAppLaunchConfigurationDelegate.launch(XilinxAppLaunchConfigurationDelegate.java:298)
	at com.xilinx.sdk.debug.ui.XilinxAppLaunchDelegateWrapper.launch(XilinxAppLaunchDelegateWrapper.java:31)
	at org.eclipse.debug.internal.core.LaunchConfiguration.launch(LaunchConfiguration.java:858)
	at org.eclipse.debug.internal.core.LaunchConfiguration.launch(LaunchConfiguration.java:707)
	at org.eclipse.debug.internal.ui.DebugUIPlugin.buildAndLaunch(DebugUIPlugin.java:1018)
	at org.eclipse.debug.internal.ui.DebugUIPlugin$8.run(DebugUIPlugin.java:1222)
	at org.eclipse.core.internal.jobs.Worker.run(Worker.java:53)
10:21:11 INFO  : System reset is completed.
10:21:13 INFO  : FPGA configured successfully with bitstream "C:/Users/Alexander/Documents/GitHub/Thesis/Vivado/TrapezSW/TrapezSW.sdk/system_wrapper_hw_platform_0/system_wrapper.bit"
10:21:14 INFO  : ps7_init is completed.
10:21:14 INFO  : ps7_post_config is completed.
10:24:14 INFO  : System reset is completed.
10:24:17 INFO  : FPGA configured successfully with bitstream "C:/Users/Alexander/Documents/GitHub/Thesis/Vivado/TrapezSW/TrapezSW.sdk/system_wrapper_hw_platform_0/system_wrapper.bit"
10:24:18 INFO  : ps7_init is completed.
10:24:18 INFO  : ps7_post_config is completed.
10:26:58 INFO  : ps7_cortexa9_0 Processor is in use. Please stop existing Run or Debug sessions before launching.
10:27:00 INFO  : System reset is completed.
10:27:03 INFO  : FPGA configured successfully with bitstream "C:/Users/Alexander/Documents/GitHub/Thesis/Vivado/TrapezSW/TrapezSW.sdk/system_wrapper_hw_platform_0/system_wrapper.bit"
10:27:03 INFO  : ps7_init is completed.
10:27:03 INFO  : ps7_post_config is completed.
10:27:30 INFO  : System reset is completed.
10:27:33 INFO  : FPGA configured successfully with bitstream "C:/Users/Alexander/Documents/GitHub/Thesis/Vivado/TrapezSW/TrapezSW.sdk/system_wrapper_hw_platform_0/system_wrapper.bit"
10:27:33 INFO  : ps7_init is completed.
10:27:33 INFO  : ps7_post_config is completed.
10:28:43 INFO  : System reset is completed.
10:28:46 INFO  : FPGA configured successfully with bitstream "C:/Users/Alexander/Documents/GitHub/Thesis/Vivado/TrapezSW/TrapezSW.sdk/system_wrapper_hw_platform_0/system_wrapper.bit"
10:28:46 INFO  : ps7_init is completed.
10:28:47 INFO  : ps7_post_config is completed.
10:29:04 INFO  : System reset is completed.
10:29:08 INFO  : FPGA configured successfully with bitstream "C:/Users/Alexander/Documents/GitHub/Thesis/Vivado/TrapezSW/TrapezSW.sdk/system_wrapper_hw_platform_0/system_wrapper.bit"
10:29:08 INFO  : ps7_init is completed.
10:29:09 INFO  : ps7_post_config is completed.
10:29:26 INFO  : System reset is completed.
10:29:29 INFO  : FPGA configured successfully with bitstream "C:/Users/Alexander/Documents/GitHub/Thesis/Vivado/TrapezSW/TrapezSW.sdk/system_wrapper_hw_platform_0/system_wrapper.bit"
10:29:30 INFO  : ps7_init is completed.
10:29:30 INFO  : ps7_post_config is completed.
10:29:48 INFO  : ps7_cortexa9_0 Processor is in use. Please stop existing Run or Debug sessions before launching.
10:29:51 INFO  : System reset is completed.
10:29:54 INFO  : FPGA configured successfully with bitstream "C:/Users/Alexander/Documents/GitHub/Thesis/Vivado/TrapezSW/TrapezSW.sdk/system_wrapper_hw_platform_0/system_wrapper.bit"
10:29:55 INFO  : ps7_init is completed.
10:29:55 INFO  : ps7_post_config is completed.
